2024-06-15 09:21:05,074 [1] INFO  AElfChain.Common.Managers.NodeManager - Url:https://tdvw-test-node.aelf.io/ is connected!
2024-06-15 09:21:05,369 [1] INFO  AElfChain.Common.Managers.AccountManager - Account '2em2AhutCuukDQbXpuesx2H3T4hiPCWwhhZgqZZ2GKJoxWzFy1' successfully unlocked!
2024-06-15 09:21:05,751 [1] INFO  AElfChain.Common.Contracts.GenesisContract - Token contract address: ASh2Wt7nSEmYqnGxPPzp4pnVDU4uhj1XW9Se5VeZcX2UDdyjx
2024-06-15 09:21:05,922 [1] INFO  AElfChain.Common.Contracts.GenesisContract - Consensus contract address: 2KPUA5wG78nnNmK9JsRWbFiEFUEfei9WKniZuKaVziDKZRwchM
2024-06-15 09:21:06,087 [1] INFO  AElfChain.Common.Contracts.GenesisContract - Parliament contract address: vcv1qewcsFN2tVWqLuu7DJ5wVFA8YEx5FFgCQBb1jMCbAQHxV
2024-06-15 09:23:34,526 [1] INFO  AElfChain.Common.Managers.NodeManager - Url:https://tdvw-test-node.aelf.io/ is connected!
2024-06-15 09:23:34,606 [1] INFO  AElfChain.Common.Managers.AccountManager - Account '2em2AhutCuukDQbXpuesx2H3T4hiPCWwhhZgqZZ2GKJoxWzFy1' successfully unlocked!
2024-06-15 09:23:35,333 [1] INFO  AElfChain.Common.Contracts.GenesisContract - Token contract address: ASh2Wt7nSEmYqnGxPPzp4pnVDU4uhj1XW9Se5VeZcX2UDdyjx
2024-06-15 09:23:35,509 [1] INFO  AElfChain.Common.Contracts.GenesisContract - Consensus contract address: 2KPUA5wG78nnNmK9JsRWbFiEFUEfei9WKniZuKaVziDKZRwchM
2024-06-15 09:23:35,678 [1] INFO  AElfChain.Common.Contracts.GenesisContract - Parliament contract address: vcv1qewcsFN2tVWqLuu7DJ5wVFA8YEx5FFgCQBb1jMCbAQHxV
2024-06-15 09:24:58,635 [1] INFO  AElfChain.Common.Managers.NodeManager - Url:https://tdvw-test-node.aelf.io/ is connected!
2024-06-15 09:24:58,713 [1] INFO  AElfChain.Common.Managers.AccountManager - Account '2em2AhutCuukDQbXpuesx2H3T4hiPCWwhhZgqZZ2GKJoxWzFy1' successfully unlocked!
2024-06-15 09:24:59,080 [1] INFO  AElfChain.Common.Contracts.GenesisContract - Token contract address: ASh2Wt7nSEmYqnGxPPzp4pnVDU4uhj1XW9Se5VeZcX2UDdyjx
2024-06-15 09:24:59,252 [1] INFO  AElfChain.Common.Contracts.GenesisContract - Consensus contract address: 2KPUA5wG78nnNmK9JsRWbFiEFUEfei9WKniZuKaVziDKZRwchM
2024-06-15 09:24:59,417 [1] INFO  AElfChain.Common.Contracts.GenesisContract - Parliament contract address: vcv1qewcsFN2tVWqLuu7DJ5wVFA8YEx5FFgCQBb1jMCbAQHxV
2024-06-15 09:25:44,217 [1] INFO  AElfChain.Common.Managers.NodeManager - Url:https://tdvw-test-node.aelf.io/ is connected!
2024-06-15 09:25:44,296 [1] INFO  AElfChain.Common.Managers.AccountManager - Account '2em2AhutCuukDQbXpuesx2H3T4hiPCWwhhZgqZZ2GKJoxWzFy1' successfully unlocked!
2024-06-15 09:25:44,668 [1] INFO  AElfChain.Common.Contracts.GenesisContract - Token contract address: ASh2Wt7nSEmYqnGxPPzp4pnVDU4uhj1XW9Se5VeZcX2UDdyjx
2024-06-15 09:25:44,825 [1] INFO  AElfChain.Common.Contracts.GenesisContract - Consensus contract address: 2KPUA5wG78nnNmK9JsRWbFiEFUEfei9WKniZuKaVziDKZRwchM
2024-06-15 09:25:44,999 [1] INFO  AElfChain.Common.Contracts.GenesisContract - Parliament contract address: vcv1qewcsFN2tVWqLuu7DJ5wVFA8YEx5FFgCQBb1jMCbAQHxV
2024-06-15 09:26:31,684 [1] INFO  AElfChain.Common.Managers.NodeManager - Url:https://tdvw-test-node.aelf.io/ is connected!
2024-06-15 09:26:31,764 [1] INFO  AElfChain.Common.Managers.AccountManager - Account '2em2AhutCuukDQbXpuesx2H3T4hiPCWwhhZgqZZ2GKJoxWzFy1' successfully unlocked!
2024-06-15 09:26:32,158 [1] INFO  AElfChain.Common.Contracts.GenesisContract - Token contract address: ASh2Wt7nSEmYqnGxPPzp4pnVDU4uhj1XW9Se5VeZcX2UDdyjx
2024-06-15 09:26:32,332 [1] INFO  AElfChain.Common.Contracts.GenesisContract - Consensus contract address: 2KPUA5wG78nnNmK9JsRWbFiEFUEfei9WKniZuKaVziDKZRwchM
2024-06-15 09:26:32,509 [1] INFO  AElfChain.Common.Contracts.GenesisContract - Parliament contract address: vcv1qewcsFN2tVWqLuu7DJ5wVFA8YEx5FFgCQBb1jMCbAQHxV
2024-06-15 09:26:32,567 [1] INFO  AElf.Deploy.Cli.Program - ======== AddWhiteList ========
2024-06-15 09:26:32,735 [1] INFO  AElf.Deploy.Cli.Program - { "proposers": [ "V6LuP6FXKPoXqR5V9X2XuufZ8wSwKu4kNJbxY8i9JJ4NDPxib", "2UKQnHcQvhBT6X6ULtfnuh3b9PVRvVMEroHHkcK4YfcoH1Z1x2" ] }
2024-06-15 09:26:32,835 [1] INFO  AElf.Deploy.Cli.Program - ======== Genesis contract is in ProposalWhiteList ========
2024-06-15 09:26:32,835 [1] INFO  AElf.Deploy.Cli.Program - ======== WithoutApproval ========
2024-06-15 09:26:33,736 [1] INFO  AElfChain.Common.Contracts.GenesisContract - Transaction method: DeployUserSmartContract, TxId: b383e107a8302959684b6e9ab1a37158ea872f736a560bc5346b4dbba143c1aa
2024-06-15 09:26:35,651 [1] INFO  AElfChain.Common.Managers.NodeManager - Transaction b383e107a8302959684b6e9ab1a37158ea872f736a560bc5346b4dbba143c1aa Method:DeployUserSmartContract, Status: Mined-[Fee: ELF=293841250]
2024-06-15 09:26:36,666 [1] INFO  AElf.Deploy.Cli.Program - Code hash: 63896d55fdadc10630172c1755b1c3e1a05e25789db99e9d2770950bd36e1d3b
 ProposalInput: 78f340f62f162f92e36e7281d7d4633d6f6149ab7d6e411b710d8f1a57f35f39
 Proposal Id: 326e77d08def241f7203fff57f5c7c0827c26c8531086c658c483f4345f4ca4e
2024-06-15 09:26:37,150 [1] INFO  AElf.Deploy.Cli.Program - ======== Check Proposal Info ========
2024-06-15 09:27:15,614 [1] INFO  AElf.Deploy.Cli.Program - Check height: 123569218 - 123569296
2024-06-15 09:27:48,182 [1] INFO  AElf.Deploy.Cli.Program - Release Transaction: 83308b3f62c187f15ce4b602d8e5015389bd80697b2d387c1f628e80f68d214e
2024-06-15 09:27:48,184 [1] INFO  AElf.Deploy.Cli.Program - Author: "2em2AhutCuukDQbXpuesx2H3T4hiPCWwhhZgqZZ2GKJoxWzFy1"
2024-06-15 09:27:48,184 [1] INFO  AElf.Deploy.Cli.Program - Code hash: 63896d55fdadc10630172c1755b1c3e1a05e25789db99e9d2770950bd36e1d3b
2024-06-15 09:27:48,185 [1] INFO  AElf.Deploy.Cli.Program - Address: "jaxmWrs55bDcGx6hWDjdgEPW8XtBtQ1qdyFP5SuMY8X9M6U8n"
Version: 1
ContractVersion: 1.0.0.0
Height: 123569274
2024-06-15 09:27:48,350 [1] INFO  AElf.Deploy.Cli.Program - Deploy Contract Info: { "serialNumber": "1885", "author": "2em2AhutCuukDQbXpuesx2H3T4hiPCWwhhZgqZZ2GKJoxWzFy1", "codeHash": "63896d55fdadc10630172c1755b1c3e1a05e25789db99e9d2770950bd36e1d3b", "version": 1, "contractVersion": "1.0.0.0", "isUserContract": true, "deployer": "2em2AhutCuukDQbXpuesx2H3T4hiPCWwhhZgqZZ2GKJoxWzFy1" }
